SF:lib/src/ant_color.dart
DA:8,0
DA:227,3
DA:229,0
DA:230,0
DA:231,0
DA:232,0
DA:233,0
DA:234,2
DA:235,0
DA:236,0
DA:237,0
DA:238,0
DA:240,2
DA:243,1
DA:244,1
DA:245,1
DA:246,2
DA:247,1
DA:248,2
DA:249,2
DA:250,1
DA:251,2
DA:252,1
DA:253,1
DA:254,3
DA:257,2
DA:260,1
DA:263,1
DA:266,2
DA:267,4
DA:269,4
DA:272,1
DA:273,0
DA:274,1
DA:275,1
DA:281,1
DA:282,1
DA:283,2
DA:288,2
DA:289,1
DA:290,1
DA:292,2
DA:294,1
DA:297,2
DA:300,1
DA:304,2
DA:307,1
DA:312,2
DA:314,2
DA:316,1
DA:319,2
DA:324,1
DA:326,0
DA:327,0
DA:328,0
LF:55
LH:41
end_of_record
